C51 COMPILER V9.59.0.0   MAIN                                                              07/07/2019 14:23:25 PAGE 1   


C51 COMPILER V9.59.0.0, COMPILATION OF MODULE MAIN
OBJECT MODULE PLACED IN main.OBJ
COMPILER INVOKED BY: F:\Program Files\Keil\C51\BIN\C51.EXE main.c OPTIMIZE(8,SPEED) BROWSE DEBUG OBJECTEXTEND TABS(2)

line level    source

   1          /*********************************************************************************************************
   2          ** 工程功能 ：RGB
   3          ** 工程作者 ：Charles Chan
   4          ** 工程版本 ：V1.0
   5          *********************************************************************************************************/
   6          #include<STC12C5A60S2.h>
   7          #include<key_scan.h>
   8          
   9          #define uchar unsigned  char
  10          #define uint  unsigned  int
  11            
  12          #define FSCLK 11059200 
  13          //#define FSCLK 12000000
  14          
  15          sbit LED0 = P0^0;
  16          sbit LED1 = P0^1;
  17          sbit LED2 = P0^2;
  18          
  19          /*********************************************************************************************************
  20          ** 函数功能 ：延时函数
  21          ** 函数说明 ：利用软件延时，占用CPU，经调试最小延时的单位大约为1ms，
  22          ** 入口参数 ：time:需要延时的时间，单位ms，如time = 1000，则延时1000ms
  23          ** 出口参数 ：无
  24          *********************************************************************************************************/
  25          void Delay_ms(uint time)
  26          {
  27   1        uint i,j;
  28   1        for(i = 0;i < time;i ++)
  29   1          for(j = 0;j < 930;j ++);
  30   1      }
  31          uchar time=0,key;
  32          uint PWM_LOW1=9,PWM_LOW2=9,PWM_LOW3=9;
  33          
  34          
  35          void Delay(unsigned int t)
  36          {
  37   1       while(--t);
  38   1      }
  39          
  40          
  41          void main()
  42          {
  43   1        TMOD = 0x01;
  44   1        TH0 = (65536-FSCLK/12/3334)/256;
  45   1        TL0 = (65536-FSCLK/12/3334)%256;  //50ms
  46   1        ET0 = 1; 
  47   1        EA = 1;   //打开总中断
  48   1        LED0 = 1;
  49   1        LED1 = 1;
  50   1        LED2 = 1;
  51   1        TR0 = 1;  //打开定时器
  52   1        
  53   1        
  54   1        while(1)
  55   1        {
C51 COMPILER V9.59.0.0   MAIN                                                              07/07/2019 14:23:25 PAGE 2   

  56   2          key = Key_Scan();  //在while(1)里面不断循环执行按键扫描程序Key_Scan(),Key_Scan()不断将按键的返回值赋给变
             -量key
  57   2        //red+
  58   2          if(key == 1)     //key!=0说明有按键被按下
  59   2          {
  60   3          if(PWM_LOW1 == 10)
  61   3          {
  62   4            PWM_LOW1 = 0;
  63   4          }
  64   3          else
  65   3          {
  66   4            PWM_LOW1 ++;
  67   4          }
  68   3          }
  69   2          
  70   2          //green +
  71   2          if(key == 2)     //key!=0说明有按键被按下
  72   2          {
  73   3          if(PWM_LOW2 == 10)
  74   3          {
  75   4            PWM_LOW2 = 0;
  76   4          }
  77   3          else
  78   3          {
  79   4            PWM_LOW2 ++;
  80   4          }
  81   3          }
  82   2          
  83   2          //blue +
  84   2          if(key == 3)     //key!=0说明有按键被按下
  85   2          {
  86   3          if(PWM_LOW3 == 10)
  87   3          {
  88   4            PWM_LOW3 = 0;
  89   4          }
  90   3          else
  91   3          {
  92   4            PWM_LOW3 ++;
  93   4          }
  94   3          }
  95   2        
  96   2          //white light on
  97   2          if(key == 4)     //key!=0说明有按键被按下
  98   2          {
  99   3            PWM_LOW1 = 5;
 100   3            PWM_LOW2 = 5;
 101   3            PWM_LOW3 = 5;
 102   3          }
 103   2          
 104   2          
 105   2          //little yellow
 106   2          if(key == 5)     //key!=0说明有按键被按下
 107   2          {
 108   3            PWM_LOW1 = 2;
 109   3            PWM_LOW2 = 2;
 110   3            PWM_LOW3 = 8;
 111   3          }
 112   2          //deep yellow
 113   2          if(key == 6)     //key!=0说明有按键被按下
 114   2          {
 115   3            PWM_LOW1 = 2;
 116   3            PWM_LOW2 = 2;
C51 COMPILER V9.59.0.0   MAIN                                                              07/07/2019 14:23:25 PAGE 3   

 117   3            PWM_LOW3 = 10;
 118   3          }
 119   2          //orange
 120   2          if(key == 7)     //key!=0说明有按键被按下
 121   2          {
 122   3            PWM_LOW1 = 1;
 123   3            PWM_LOW2 = 8;
 124   3            PWM_LOW3 = 10;
 125   3          }
 126   2          
 127   2          // light off
 128   2          if(key == 8)     //key!=0说明有按键被按下
 129   2          {
 130   3            PWM_LOW1 = 10;
 131   3            PWM_LOW2 = 10;
 132   3            PWM_LOW3 = 10;
 133   3          }
 134   2          
 135   2          //pink color 3
 136   2          if(key == 9)     //key!=0说明有按键被按下
 137   2          {
 138   3            PWM_LOW1 = 4;
 139   3            PWM_LOW2 = 8;
 140   3            PWM_LOW3 = 7;
 141   3          }
 142   2          //pink color 2
 143   2          if(key == 10)    //key!=0说明有按键被按下
 144   2          {
 145   3            PWM_LOW1 = 2;
 146   3            PWM_LOW2 = 8;
 147   3            PWM_LOW3 = 2;
 148   3          }
 149   2          //pink color 1
 150   2          if(key == 11)    //key!=0说明有按键被按下
 151   2          {
 152   3            PWM_LOW1 = 5;
 153   3            PWM_LOW2 = 10;
 154   3            PWM_LOW3 = 8;
 155   3          }
 156   2          
 157   2          
 158   2          
 159   2          
 160   2          if(key == 12)    //key!=0说明有按键被按下
 161   2          {
 162   3            if(PWM_LOW3 == 10 || PWM_LOW2 == 10 || PWM_LOW1 == 10)
 163   3            {
 164   4            }
 165   3            else 
 166   3            {
 167   4              PWM_LOW1 ++;
 168   4              PWM_LOW2 ++;
 169   4              PWM_LOW3 ++;
 170   4            }
 171   3          
 172   3          }
 173   2          
 174   2          if(key == 13)    //key!=0说明有按键被按下
 175   2          {
 176   3            PWM_LOW1 = 10;
 177   3            PWM_LOW2 = 10;
 178   3            PWM_LOW3 = 1;
C51 COMPILER V9.59.0.0   MAIN                                                              07/07/2019 14:23:25 PAGE 4   

 179   3            Delay(5000000000);
 180   3            if(PWM_LOW3 == 0 || PWM_LOW2 == 0 || PWM_LOW1 == 0)
 181   3            {
 182   4            }
 183   3            else 
 184   3            {
 185   4              uchar h;
 186   4              for(h=10;h>0;h--)
 187   4              {
 188   5              PWM_LOW1 --;
 189   5              Delay(5000000000);
 190   5              }
 191   4              for(h=10;h>0;h--)
 192   4              {
 193   5              PWM_LOW1 ++;
 194   5              Delay(5000000000);
 195   5              }
 196   4              for(h=10;h>0;h--)
 197   4              {
 198   5              PWM_LOW2 --;
 199   5              Delay(5000000000);
 200   5              }
 201   4              for(h=10;h>0;h--)
 202   4              {
 203   5              PWM_LOW2 ++;
 204   5              Delay(5000000000);
 205   5              }
 206   4              for(h=5;h>0;h--)
 207   4              {
 208   5              PWM_LOW2 --;
 209   5              Delay(5000000000);
 210   5                PWM_LOW3 ++;
 211   5              }
 212   4            }
 213   3          }
 214   2          if(key == 14)    //key!=0说明有按键被按下
 215   2          {
 216   3            PWM_LOW1 = 10;
 217   3            PWM_LOW2 = 5;
 218   3            PWM_LOW3 = 10;
 219   3            Delay(5000000000);
 220   3              if(PWM_LOW3 == 0 || PWM_LOW2 == 0 || PWM_LOW1 == 0)
 221   3            {
 222   4            }
 223   3            else 
 224   3            {
 225   4              uchar h;
 226   4              for(h=5;h>0;h--)
 227   4              {
 228   5              PWM_LOW2 ++;
 229   5              Delay(5000000000);
 230   5              }
 231   4              for(h=10;h>0;h--)
 232   4              {
 233   5              PWM_LOW3 --;
 234   5              Delay(5000000000);
 235   5              }
 236   4              for(h=10;h>0;h--)
 237   4              {
 238   5              PWM_LOW3 ++;
 239   5              Delay(5000000000);
 240   5              }
C51 COMPILER V9.59.0.0   MAIN                                                              07/07/2019 14:23:25 PAGE 5   

 241   4              for(h=10;h>0;h--)
 242   4              {
 243   5              PWM_LOW1 --;
 244   5              Delay(5000000000);
 245   5              }
 246   4            }
 247   3          }
 248   2          if(key == 15)    //key!=0说明有按键被按下
 249   2          {
 250   3            PWM_LOW1 = 2;
 251   3            PWM_LOW2 = 2;
 252   3            PWM_LOW3 = 10;
 253   3              Delay(5000000000);
 254   3              if(PWM_LOW3 == 0 || PWM_LOW2 == 0 || PWM_LOW1 == 0)
 255   3            {
 256   4            }
 257   3            else 
 258   3            {
 259   4              uchar h;
 260   4              for(h=8;h>0;h--)
 261   4              {
 262   5              PWM_LOW2 ++;
 263   5              Delay(5000000000);
 264   5              }
 265   4              for(h=10;h>0;h--)
 266   4              {
 267   5              PWM_LOW3 --;
 268   5              Delay(5000000000);
 269   5              }
 270   4              for(h=10;h>0;h--)
 271   4              {
 272   5              PWM_LOW3 ++;
 273   5              Delay(5000000000);
 274   5              }
 275   4              for(h=10;h>0;h--)
 276   4              {
 277   5              PWM_LOW2 --;
 278   5              Delay(5000000000);
 279   5              }
 280   4            }
 281   3            
 282   3          }
 283   2          
 284   2            if(key == 16)    //key!=0说明有按键被按下
 285   2          {
 286   3            if(PWM_LOW3 == 0 || PWM_LOW2 == 0 || PWM_LOW1 == 0)
 287   3            {
 288   4            }
 289   3            else 
 290   3            {
 291   4              PWM_LOW1 --;
 292   4              PWM_LOW2 --;
 293   4              PWM_LOW3 --;
 294   4            }
 295   3          }
 296   2        }
 297   1        }
 298          
 299            
 300          void time0() interrupt 1 
 301          {
 302   1      TH0 = (65536-FSCLK/12/3334)/256;
C51 COMPILER V9.59.0.0   MAIN                                                              07/07/2019 14:23:25 PAGE 6   

 303   1      TL0 = (65536-FSCLK/12/3334)%256;
 304   1      time ++;
 305   1      if(time >= 10) 
 306   1      {
 307   2      time = 0;
 308   2      }
 309   1      if(time >= PWM_LOW1) 
 310   1      {
 311   2      LED0 = 0;
 312   2      }
 313   1      else 
 314   1      {
 315   2        LED0 = 1;
 316   2      }
 317   1      if(time >= PWM_LOW2) 
 318   1      {
 319   2      LED1 = 0;
 320   2      }
 321   1      else 
 322   1      {
 323   2        LED1 = 1;
 324   2      }
 325   1      if(time >= PWM_LOW3) 
 326   1      {
 327   2      LED2 = 0;
 328   2      }
 329   1      else 
 330   1      {
 331   2        LED2 = 1;
 332   2      }
 333   1      }
 334            
 335              
 336          
 337          
 338          /************************** (C) COPYRIGHT 2011 Blue Sky Teams *****END OF FILE****************************
             -*/


MODULE INFORMATION:   STATIC OVERLAYABLE
   CODE SIZE        =   1535    ----
   CONSTANT SIZE    =   ----    ----
   XDATA SIZE       =   ----    ----
   PDATA SIZE       =   ----    ----
   DATA SIZE        =     11       1
   IDATA SIZE       =   ----    ----
   BIT SIZE         =   ----    ----
END OF MODULE INFORMATION.


C51 COMPILATION COMPLETE.  0 WARNING(S),  0 ERROR(S)
